# JRE version: OpenJDK Runtime Environment Temurin-17.0.9+9 (17.0.9+9) (build 17.0.9+9)
# Java VM: OpenJDK 64-Bit Server VM Temurin-17.0.9+9 (17.0.9+9, mixed mode, tiered, compressed oops, compressed class ptrs, g1 gc, linux-amd64)
GC Precious Log:
 CPUs: 8 total, 8 available
 Memory: 7783M
 Large Page Support: Disabled
 NUMA Support: Disabled
 Compressed Oops: Enabled (32-bit)
 Heap Region Size: 1M
 Heap Min Capacity: 256M
 Heap Initial Capacity: 256M
 Heap Max Capacity: 2G
 Pre-touch: Disabled
 Parallel Workers: 8
 Concurrent Workers: 2
 Concurrent Refinement Workers: 8
 Periodic GC: Disabled
 String Deduplication is enabled
Heap:
 garbage-first heap   total 262144K, used 169811K [0x0000000080000000, 0x0000000100000000)
  region size 1024K, 73 young (74752K), 14 survivors (14336K)
 Metaspace       used 122111K, committed 124864K, reserved 1179648K
  class space    used 14388K, committed 15616K, reserved 1048576K
GC Heap History (20 events):
Event: 5,453 GC heap before
{Heap before GC invocations=3 (full 0):
 garbage-first heap   total 262144K, used 94093K [0x0000000080000000, 0x0000000100000000)
  region size 1024K, 83 young (84992K), 4 survivors (4096K)
 Metaspace       used 20966K, committed 21504K, reserved 1114112K
  class space    used 1984K, committed 2240K, reserved 1048576K
}
Event: 5,471 GC heap after
{Heap after GC invocations=4 (full 0):
 garbage-first heap   total 262144K, used 19881K [0x0000000080000000, 0x0000000100000000)
  region size 1024K, 12 young (12288K), 12 survivors (12288K)
 Metaspace       used 20966K, committed 21504K, reserved 1114112K
  class space    used 1984K, committed 2240K, reserved 1048576K
}
Event: 9,094 GC heap before
{Heap before GC invocations=5 (full 0):
 garbage-first heap   total 262144K, used 103849K [0x0000000080000000, 0x0000000100000000)
  region size 1024K, 94 young (96256K), 12 survivors (12288K)
 Metaspace       used 35262K, committed 36288K, reserved 1114112K
  class space    used 3578K, committed 4032K, reserved 1048576K
}
Event: 9,127 GC heap after
{Heap after GC invocations=6 (full 0):
 garbage-first heap   total 262144K, used 27947K [0x0000000080000000, 0x0000000100000000)
  region size 1024K, 17 young (17408K), 17 survivors (17408K)
 Metaspace       used 35262K, committed 36288K, reserved 1114112K
  class space    used 3578K, committed 4032K, reserved 1048576K
}
Event: 15,328 GC heap before
{Heap before GC invocations=7 (full 0):
 garbage-first heap   total 262144K, used 174379K [0x0000000080000000, 0x0000000100000000)
  region size 1024K, 153 young (156672K), 17 survivors (17408K)
 Metaspace       used 57700K, committed 59392K, reserved 1114112K
  class space    used 6660K, committed 7296K, reserved 1048576K
}
Event: 15,376 GC heap after
{Heap after GC invocations=8 (full 0):
 garbage-first heap   total 262144K, used 39936K [0x0000000080000000, 0x0000000100000000)
  region size 1024K, 20 young (20480K), 20 survivors (20480K)
 Metaspace       used 57700K, committed 59392K, reserved 1114112K
  class space    used 6660K, committed 7296K, reserved 1048576K
}
Event: 15,942 GC heap before
{Heap before GC invocations=8 (full 0):
 garbage-first heap   total 262144K, used 48128K [0x0000000080000000, 0x0000000100000000)
  region size 1024K, 29 young (29696K), 20 survivors (20480K)
 Metaspace       used 59306K, committed 60928K, reserved 1114112K
  class space    used 6852K, committed 7488K, reserved 1048576K
}
Event: 15,986 GC heap after
{Heap after GC invocations=9 (full 0):
 garbage-first heap   total 262144K, used 43315K [0x0000000080000000, 0x0000000100000000)
  region size 1024K, 4 young (4096K), 4 survivors (4096K)
 Metaspace       used 59306K, committed 60928K, reserved 1114112K
  class space    used 6852K, committed 7488K, reserved 1048576K
}
Event: 21,022 GC heap before
{Heap before GC invocations=10 (full 0):
 garbage-first heap   total 262144K, used 190771K [0x0000000080000000, 0x0000000100000000)
  region size 1024K, 147 young (150528K), 4 survivors (4096K)
 Metaspace       used 86985K, committed 89088K, reserved 1179648K
  class space    used 10151K, committed 11008K, reserved 1048576K
}
Event: 21,043 GC heap after
{Heap after GC invocations=11 (full 0):
 garbage-first heap   total 262144K, used 55859K [0x0000000080000000, 0x0000000100000000)
  region size 1024K, 14 young (14336K), 14 survivors (14336K)
 Metaspace       used 86985K, committed 89088K, reserved 1179648K
  class space    used 10151K, committed 11008K, reserved 1048576K
}
Event: 22,538 GC heap before
{Heap before GC invocations=11 (full 0):
 garbage-first heap   total 262144K, used 194099K [0x0000000080000000, 0x0000000100000000)
  region size 1024K, 150 young (153600K), 14 survivors (14336K)
 Metaspace       used 93098K, committed 95296K, reserved 1179648K
  class space    used 10787K, committed 11648K, reserved 1048576K
}
Event: 22,572 GC heap after
{Heap after GC invocations=12 (full 0):
 garbage-first heap   total 262144K, used 68325K [0x0000000080000000, 0x0000000100000000)
  region size 1024K, 13 young (13312K), 13 survivors (13312K)
 Metaspace       used 93098K, committed 95296K, reserved 1179648K
  class space    used 10787K, committed 11648K, reserved 1048576K
}
Event: 24,044 GC heap before
{Heap before GC invocations=12 (full 0):
 garbage-first heap   total 262144K, used 140005K [0x0000000080000000, 0x0000000100000000)
  region size 1024K, 82 young (83968K), 13 survivors (13312K)
 Metaspace       used 99687K, committed 102016K, reserved 1179648K
  class space    used 11680K, committed 12672K, reserved 1048576K
}
Event: 24,089 GC heap after
{Heap after GC invocations=13 (full 0):
 garbage-first heap   total 262144K, used 81316K [0x0000000080000000, 0x0000000100000000)
  region size 1024K, 12 young (12288K), 12 survivors (12288K)
 Metaspace       used 99687K, committed 102016K, reserved 1179648K
  class space    used 11680K, committed 12672K, reserved 1048576K
}
Event: 28,601 GC heap before
{Heap before GC invocations=14 (full 0):
 garbage-first heap   total 262144K, used 200100K [0x0000000080000000, 0x0000000100000000)
  region size 1024K, 128 young (131072K), 12 survivors (12288K)
 Metaspace       used 111099K, committed 113664K, reserved 1179648K
  class space    used 13036K, committed 14144K, reserved 1048576K
}
Event: 28,652 GC heap after
{Heap after GC invocations=15 (full 0):
 garbage-first heap   total 262144K, used 95466K [0x0000000080000000, 0x0000000100000000)
  region size 1024K, 16 young (16384K), 16 survivors (16384K)
 Metaspace       used 111099K, committed 113664K, reserved 1179648K
  class space    used 13036K, committed 14144K, reserved 1048576K
}
Event: 28,674 GC heap before
{Heap before GC invocations=15 (full 0):
 garbage-first heap   total 262144K, used 95466K [0x0000000080000000, 0x0000000100000000)
  region size 1024K, 17 young (17408K), 16 survivors (16384K)
 Metaspace       used 111119K, committed 113728K, reserved 1179648K
  class space    used 13037K, committed 14144K, reserved 1048576K
}
Event: 28,703 GC heap after
{Heap after GC invocations=16 (full 0):
 garbage-first heap   total 262144K, used 94963K [0x0000000080000000, 0x0000000100000000)
  region size 1024K, 3 young (3072K), 3 survivors (3072K)
 Metaspace       used 111119K, committed 113728K, reserved 1179648K
  class space    used 13037K, committed 14144K, reserved 1048576K
}
Event: 31,766 GC heap before
{Heap before GC invocations=16 (full 0):
 garbage-first heap   total 262144K, used 205555K [0x0000000080000000, 0x0000000100000000)
  region size 1024K, 108 young (110592K), 3 survivors (3072K)
 Metaspace       used 116029K, committed 118720K, reserved 1179648K
  class space    used 13666K, committed 14848K, reserved 1048576K
}
Event: 31,805 GC heap after
{Heap after GC invocations=17 (full 0):
 garbage-first heap   total 262144K, used 110419K [0x0000000080000000, 0x0000000100000000)
  region size 1024K, 14 young (14336K), 14 survivors (14336K)
 Metaspace       used 116029K, committed 118720K, reserved 1179648K
  class space    used 13666K, committed 14848K, reserved 1048576K
}

